<?xml version="1.0" encoding="UTF-8"?>
<!-- Generated by org.testng.reporters.JUnitReportReporter -->
<testsuite hostname="MBP-HMinott.attlocal.net" failures="0" tests="1" name="testCases.ScreenTest" time="30.650" errors="0" timestamp="2023-07-09T11:22:44 EDT" skipped="0">
  <testcase classname="testCases.ScreenTest" name="searchAndCartTest" time="30.650"/>
</testsuite> <!-- testCases.ScreenTest -->
